
/home/runner/work/exp-coordinate-systems-iiith/exp-coordinate-systems-iiith/experiment/simulation/assets/DragControls.js
    1:1   warning  'THREE' is not defined  no-undef
    2:27  warning  'THREE' is not defined  no-undef
   11:20  warning  'THREE' is not defined  no-undef
   12:24  warning  'THREE' is not defined  no-undef
   14:20  warning  'THREE' is not defined  no-undef
   15:21  warning  'THREE' is not defined  no-undef
   16:27  warning  'THREE' is not defined  no-undef
  232:1   warning  'THREE' is not defined  no-undef
  232:46  warning  'THREE' is not defined  no-undef
  233:1   warning  'THREE' is not defined  no-undef
  233:44  warning  'THREE' is not defined  no-undef

/home/runner/work/exp-coordinate-systems-iiith/exp-coordinate-systems-iiith/experiment/simulation/js/main.js
   12:10  warning  'dot' is defined but never used                     no-unused-vars
   14:7   warning  'moveButton' is assigned a value but never used     no-unused-vars
   15:7   warning  'modalbutton1' is assigned a value but never used   no-unused-vars
   24:5   warning  'modalAdd' is assigned a value but never used       no-unused-vars
   25:5   warning  'modalEdit' is assigned a value but never used      no-unused-vars
   27:5   warning  'spanEditModal' is assigned a value but never used  no-unused-vars
   35:3   warning  'rot' is assigned a value but never used            no-unused-vars
   36:3   warning  'variable' is assigned a value but never used       no-unused-vars
   43:3   warning  'initialPos' is assigned a value but never used     no-unused-vars
   44:3   warning  'lock' is assigned a value but never used           no-unused-vars
   45:3   warning  'scale' is assigned a value but never used          no-unused-vars
   47:3   warning  'arrowHelper' is assigned a value but never used    no-unused-vars
   48:3   warning  'dir' is assigned a value but never used            no-unused-vars
   49:3   warning  'isShapeExist' is assigned a value but never used   no-unused-vars
   50:7   warning  'dbl' is assigned a value but never used            no-unused-vars
   54:7   warning  'noOfShapes' is assigned a value but never used     no-unused-vars
  400:5   warning  'buttons' is assigned a value but never used        no-unused-vars
  576:9   warning  'gridHelper' is assigned a value but never used     no-unused-vars
  577:9   warning  'count' is assigned a value but never used          no-unused-vars

✖ 30 problems (0 errors, 30 warnings)

